2026-01-28T11:21:50+01:00 - Exception: No autorizado
2026-01-29T11:42:54+01:00 - Exception: Route not found for GET /
2026-01-29T11:48:04+01:00 - Exception: Route not found for GET /
2026-01-29T13:50:58+01:00 - Exception: No autorizado
2026-01-29T13:56:02+01:00 - Exception: No autorizado
2026-01-29T13:56:24+01:00 - Exception: No autorizado
2026-01-29T13:56:25+01:00 - Exception: No autorizado
2026-01-29T13:56:26+01:00 - Exception: No autorizado
2026-01-29T14:01:48+01:00 - Exception: No autorizado
2026-01-29T14:02:01+01:00 - Exception: No autorizado
2026-01-29T14:05:22+01:00 - Exception: No autorizado
2026-01-29T14:05:23+01:00 - Exception: No autorizado
2026-01-29T14:05:24+01:00 - Exception: No autorizado
2026-01-29T14:05:25+01:00 - Exception: No autorizado
2026-01-29T14:05:26+01:00 - Exception: No autorizado
2026-01-29T14:05:27+01:00 - Exception: No autorizado
2026-01-29T14:13:42+01:00 - Exception: Controller not found: Controllers\AuthSessionController
2026-01-29T14:13:44+01:00 - Exception: Controller not found: Controllers\AuthSessionController
2026-01-29T14:13:49+01:00 - Exception: Controller not found: Controllers\AuthSessionController
2026-01-29T14:14:16+01:00 - Exception: Undefined array key "email"
2026-01-29T14:14:18+01:00 - Exception: Undefined array key "email"
2026-01-29T14:22:05+01:00 - Exception: Class "PHPMailer\PHPMailer\PHPMailer" not found
2026-01-29T14:22:12+01:00 - Exception: Class "PHPMailer\PHPMailer\PHPMailer" not found
2026-01-29T14:22:13+01:00 - Exception: Class "PHPMailer\PHPMailer\PHPMailer" not found
2026-01-30T09:21:03+01:00 - Exception: Route not found for POST /auth/me
2026-01-30T09:21:28+01:00 - Exception: No autorizado
2026-01-30T09:23:59+01:00 - Exception: No autorizado
2026-01-30T09:24:08+01:00 - Exception: Route not found for POST /login
2026-01-30T10:15:06+01:00 - Exception: Route not found for PATCH /auth/me
2026-01-30T10:30:31+01:00 - Exception: Controller not found: Controllers\CategoriaController
2026-01-30T10:30:39+01:00 - Exception: Controller not found: Controllers\CategoriaController
2026-01-30T10:31:25+01:00 - Exception: Controller not found: Controllers\CategoriaController
2026-01-30T11:23:33+01:00 - Exception: Controller not found: Controllers\CategoriaController
2026-01-30T11:26:54+01:00 - Exception: Controller not found: Controllers\CategoriaController
2026-01-30T11:27:18+01:00 - Exception: Too few arguments to function Controllers\EmergenciaController::getTipo(), 2 passed and exactly 3 expected
2026-01-30T11:36:43+01:00 - Exception: Route not found for PATCH /emergencias
2026-01-30T11:36:50+01:00 - Exception: Route not found for PUT /emergencias
2026-01-30T11:39:50+01:00 - Exception: Route not found for GET /emergencias/2/tipo
2026-01-30T11:46:45+01:00 - Exception: Route not found for GET /ediciones
2026-01-30T11:47:18+01:00 - Exception: Class "Models\FormacionModel" not found
2026-01-30T12:10:24+01:00 - Exception: Route not found for GET /persona
2026-01-30T12:37:57+01:00 - Exception: Controller not found: Controllers\TiposEmergenciaController
2026-01-30T12:44:36+01:00 - Exception: Route not found for DELETE /emergencias/1/vehiculos
2026-01-30T12:47:51+01:00 - Exception: Controller not found: Controllers\VehiculoController
2026-01-30T13:15:15+01:00 - Exception: No tienes permisos para acceder a este recurso
2026-01-30T13:31:43+01:00 - Exception: Route not found for PUT /formaciones
2026-01-30T13:31:52+01:00 - Exception: Route not found for PUT /formaciones
2026-01-30T13:37:12+01:00 - Exception: Method index not found in controller Controllers\EdicionController
2026-01-30T14:04:55+01:00 - Exception: Route not found for POST /ediciones/2/1
2026-02-02T11:13:01+01:00 - Exception: Route not found for DELETE /carnets/5/persona/B001
2026-02-02T11:13:09+01:00 - Exception: Route not found for DELETE /carnets/5/personas/B001
2026-02-02T11:13:18+01:00 - Exception: Route not found for DELETE /personas/5/carnets/B001
2026-02-02T11:14:02+01:00 - Exception: Route not found for DELETE /personas/B001/carnets/5
2026-02-02T11:16:23+01:00 - Exception: Too few arguments to function Controllers\CarnetController::unassign(), 3 passed and exactly 4 expected
2026-02-09T09:02:06+01:00 - Exception: Error de conexión a la base de datos.
2026-02-09T09:02:33+01:00 - Exception: Error de conexión a la base de datos.
2026-02-09T09:04:48+01:00 - Exception: Error de conexión a la base de datos.
2026-02-09T09:05:21+01:00 - Exception: Error de conexión a la base de datos.
2026-02-09T09:59:54+01:00 - Exception: No autorizado
2026-02-09T12:20:36+01:00 - Exception: No autorizado
2026-02-09T12:20:36+01:00 - Exception: No autorizado
2026-02-09T12:20:38+01:00 - Exception: No autorizado
2026-02-09T12:21:17+01:00 - Exception: No autorizado
2026-02-09T12:22:39+01:00 - Exception: No autorizado
2026-02-09T12:25:35+01:00 - Exception: No autorizado
2026-02-09T12:28:36+01:00 - Exception: Controller not found: Controllers\VehiculoController
2026-02-09T12:29:01+01:00 - Exception: Controller not found: Controllers\VehiculoController
2026-02-09T12:29:04+01:00 - Exception: Controller not found: Controllers\VehiculoController
2026-02-09T12:29:05+01:00 - Exception: Controller not found: Controllers\VehiculoController
2026-02-09T12:29:05+01:00 - Exception: Controller not found: Controllers\VehiculoController
2026-02-09T12:29:06+01:00 - Exception: Controller not found: Controllers\VehiculoController
2026-02-09T12:30:08+01:00 - Exception: Controller not found: Controllers\VehiculoController
2026-02-09T12:30:25+01:00 - Exception: Controller not found: Controllers\VehiculoController
2026-02-09T12:39:33+01:00 - Exception: Controller not found: Controllers\VehiculoController
2026-02-09T12:39:38+01:00 - Exception: Controller not found: Controllers\VehiculoController
2026-02-09T12:41:14+01:00 - Exception: Controller not found: Controllers\VehiculoController
2026-02-09T13:05:03+01:00 - Exception: Controller not found: Controllers\VehiculoController
2026-02-09T13:05:04+01:00 - Exception: Controller not found: Controllers\VehiculoController
2026-02-09T13:38:06+01:00 - Exception: Controller not found: Controllers\VehiculoController
2026-02-09T13:38:35+01:00 - Exception: Controller not found: Controllers\VehiculoController
2026-02-09T13:41:18+01:00 - Exception: Controller not found: Controllers\VehiculoController
2026-02-09T13:41:35+01:00 - Exception: Controller not found: Controllers\VehiculoController
2026-02-09T13:42:57+01:00 - Exception: Controller not found: Controllers\VehiculoController
2026-02-11T10:11:42+01:00 - Exception: Controller not found: Controllers\VehiculoController
2026-02-11T10:12:32+01:00 - Exception: Controller not found: Controllers\VehiculoController
2026-02-11T10:12:33+01:00 - Exception: Controller not found: Controllers\VehiculoController
2026-02-11T10:12:33+01:00 - Exception: Controller not found: Controllers\VehiculoController
2026-02-11T10:13:58+01:00 - Exception: Controller not found: Controllers\VehiculoController
2026-02-11T10:13:59+01:00 - Exception: Controller not found: Controllers\VehiculoController
2026-02-11T10:13:59+01:00 - Exception: Controller not found: Controllers\VehiculoController
2026-02-11T10:13:59+01:00 - Exception: Controller not found: Controllers\VehiculoController
2026-02-11T10:14:33+01:00 - Exception: Controller not found: Controllers\VehiculoController
2026-02-11T10:14:35+01:00 - Exception: Controller not found: Controllers\VehiculoController
2026-02-11T10:14:37+01:00 - Exception: Controller not found: Controllers\VehiculoController
2026-02-18T14:00:25+01:00 - Exception: file_put_contents(/var/www/html/api_rest/src/Middlewares/../../storage/rate_limit/f9bab41c2a5dd677708ae9d5d49eaf07.json): Failed to open stream: Permission denied
2026-02-19T13:39:21+01:00 - Exception: Route not found for GET /ediciones
2026-02-19T13:39:22+01:00 - Exception: Route not found for GET /ediciones
2026-02-19T13:39:22+01:00 - Exception: Route not found for GET /ediciones
2026-02-19T13:39:24+01:00 - Exception: Route not found for GET /ediciones
2026-02-19T13:39:25+01:00 - Exception: Route not found for GET /ediciones
2026-02-19T13:39:27+01:00 - Exception: Route not found for GET /ediciones
2026-02-19T13:39:29+01:00 - Exception: Route not found for GET /ediciones
2026-02-19T13:40:35+01:00 - Exception: Too few arguments to function Controllers\EdicionController::index(), 2 passed and exactly 3 expected
2026-02-19T13:40:37+01:00 - Exception: Too few arguments to function Controllers\EdicionController::index(), 2 passed and exactly 3 expected
2026-02-19T14:34:02+01:00 - Exception: Route not found for POST /ediciones
2026-02-20T09:19:41+01:00 - Exception: Route not found for GET /ediciones/1
2026-02-20T09:20:14+01:00 - Exception: Route not found for GET /ediciones/1
2026-02-20T09:23:08+01:00 - Exception: Route not found for GET /ediciones/1
2026-02-20T09:23:16+01:00 - Exception: Route not found for GET /ediciones/1
2026-02-20T09:37:33+01:00 - Exception: Controllers\EdicionController::show(): Argument #1 ($id_formacion) must be of type string, Core\Request given
2026-02-20T09:39:27+01:00 - Exception: Controllers\EdicionController::show(): Argument #2 ($id_formacion) must be of type string, Core\Response given
2026-02-11T14:08:12+01:00 - Exception: file_put_contents(/var/www/html/api_rest/src/Middlewares/../../storage/rate_limit/f9bab41c2a5dd677708ae9d5d49eaf07.json): Failed to open stream: Permission denied
2026-02-11T14:08:12+01:00 - Exception: file_put_contents(/var/www/html/api_rest/src/Middlewares/../../storage/rate_limit/f9bab41c2a5dd677708ae9d5d49eaf07.json): Failed to open stream: Permission denied
2026-02-11T14:08:12+01:00 - Exception: file_put_contents(/var/www/html/api_rest/src/Middlewares/../../storage/rate_limit/f9bab41c2a5dd677708ae9d5d49eaf07.json): Failed to open stream: Permission denied
2026-02-11T14:38:41+01:00 - Exception: No autorizado
2026-02-17T14:16:46+01:00 - Exception: Route not found for GET /almacenes
2026-02-17T14:30:11+01:00 - Exception: Route not found for GET /almacenes
2026-02-17T14:30:11+01:00 - Exception: Route not found for GET /almacenes
2026-02-17T14:30:11+01:00 - Exception: Route not found for GET /almacenes
2026-02-17T14:30:28+01:00 - Exception: Route not found for GET /almacenes
2026-02-17T14:30:28+01:00 - Exception: Route not found for GET /almacenes
2026-02-17T14:30:28+01:00 - Exception: Route not found for GET /almacenes
2026-02-17T14:30:59+01:00 - Exception: Route not found for GET /almacenes
2026-02-17T14:30:59+01:00 - Exception: Route not found for GET /almacenes
2026-02-17T14:30:59+01:00 - Exception: Route not found for GET /almacenes
2026-02-17T14:31:12+01:00 - Exception: Route not found for GET /almacenes
2026-02-17T14:31:12+01:00 - Exception: Route not found for GET /almacenes
2026-02-17T14:31:12+01:00 - Exception: Route not found for GET /almacenes
2026-02-17T14:31:55+01:00 - Exception: Route not found for GET /almacenes
2026-02-17T14:31:55+01:00 - Exception: Route not found for GET /almacenes
2026-02-17T14:31:55+01:00 - Exception: Route not found for GET /almacenes
2026-02-17T14:34:08+01:00 - Exception: Route not found for GET /almacenes
2026-02-17T14:34:54+01:00 - Exception: Route not found for GET /almacenes
2026-02-17T14:36:12+01:00 - Exception: Route not found for GET /almacenes
2026-02-17T14:38:18+01:00 - Exception: Route not found for GET /almacenes
2026-02-18T09:04:13+01:00 - Exception: Route not found for GET /almacenes
2026-02-18T09:08:53+01:00 - Exception: Route not found for GET /almacenes
2026-02-18T09:12:14+01:00 - Exception: Route not found for GET /almacenes
2026-02-18T09:18:08+01:00 - Exception: Route not found for GET /almacenes
2026-02-18T09:21:43+01:00 - Exception: No autorizado
2026-02-18T09:21:54+01:00 - Exception: No autorizado
2026-02-18T09:21:56+01:00 - Exception: No autorizado
2026-02-18T09:55:39+01:00 - Exception: Route not found for GET /almacenes
2026-02-18T09:56:47+01:00 - Exception: Route not found for GET /almacenes
2026-02-18T10:01:40+01:00 - Exception: Controllers\PersonaController::setMaterial(): Argument #3 ($id_bombero) must be of type int, string given
2026-02-18T10:10:02+01:00 - Exception: Controllers\PersonaController::setMaterial(): Argument #3 ($id_bombero) must be of type int, string given
2026-02-18T10:14:38+01:00 - Exception: Controllers\PersonaController::setMaterial(): Argument #3 ($id_bombero) must be of type int, string given
2026-02-18T10:28:47+01:00 - Exception: Controllers\PersonaController::setMaterial(): Argument #3 ($id_bombero) must be of type int, string given
2026-02-18T10:28:59+01:00 - Exception: Controllers\PersonaController::setMaterial(): Argument #3 ($id_bombero) must be of type int, string given
2026-02-18T10:30:34+01:00 - Exception: Controllers\PersonaController::setMaterial(): Argument #3 ($id_bombero) must be of type int, string given
2026-02-18T13:51:06+01:00 - Exception: Route not found for GET /almacenes
2026-02-18T13:51:06+01:00 - Exception: Route not found for GET /almacenes
2026-02-18T13:51:06+01:00 - Exception: Route not found for GET /almacenes
2026-02-18T13:53:13+01:00 - Exception: Controllers\PersonaController::deleteMaterial(): Argument #3 ($id_bombero) must be of type int, string given
2026-02-18T13:54:15+01:00 - Exception: Route not found for GET /almacenes
2026-02-18T13:54:15+01:00 - Exception: Route not found for GET /almacenes
2026-02-18T13:54:16+01:00 - Exception: Route not found for GET /almacenes
2026-02-18T13:56:42+01:00 - Exception: Route not found for GET /almacenes
2026-02-18T13:56:42+01:00 - Exception: Route not found for GET /almacenes
2026-02-18T13:56:42+01:00 - Exception: Route not found for GET /almacenes
2026-02-18T13:56:43+01:00 - Exception: Route not found for GET /almacenes
2026-02-18T13:56:43+01:00 - Exception: Route not found for GET /almacenes
2026-02-18T13:56:43+01:00 - Exception: Route not found for GET /almacenes
2026-02-18T13:56:45+01:00 - Exception: Route not found for GET /almacenes
2026-02-18T13:56:45+01:00 - Exception: Route not found for GET /almacenes
2026-02-18T13:56:45+01:00 - Exception: Route not found for GET /almacenes
2026-02-18T14:06:08+01:00 - Exception: Route not found for GET /almacenes
2026-02-18T14:06:08+01:00 - Exception: Route not found for GET /almacenes
2026-02-18T14:06:08+01:00 - Exception: Route not found for GET /almacenes
2026-02-18T14:06:46+01:00 - Exception: Route not found for GET /almacenes
2026-02-18T14:06:46+01:00 - Exception: Route not found for GET /almacenes
2026-02-18T14:06:46+01:00 - Exception: Route not found for GET /almacenes
2026-02-18T14:32:08+01:00 - Exception: Route not found for GET /almacenes
2026-02-18T14:32:08+01:00 - Exception: Route not found for GET /almacenes
2026-02-18T14:32:08+01:00 - Exception: Route not found for GET /almacenes
2026-02-18T14:34:17+01:00 - Exception: Route not found for GET /almacenes
2026-02-18T14:34:17+01:00 - Exception: Route not found for GET /almacenes
2026-02-18T14:34:17+01:00 - Exception: Route not found for GET /almacenes
2026-02-18T14:34:18+01:00 - Exception: Route not found for GET /almacenes
2026-02-18T14:34:18+01:00 - Exception: Route not found for GET /almacenes
2026-02-18T14:34:18+01:00 - Exception: Route not found for GET /almacenes
2026-02-18T14:34:20+01:00 - Exception: Route not found for GET /almacenes
2026-02-18T14:34:20+01:00 - Exception: Route not found for GET /almacenes
2026-02-18T14:34:20+01:00 - Exception: Route not found for GET /almacenes
2026-02-19T10:02:07+01:00 - Exception: Route not found for GET /almacenes
2026-02-19T10:02:07+01:00 - Exception: Route not found for GET /almacenes
2026-02-19T10:02:07+01:00 - Exception: Route not found for GET /almacenes
2026-02-19T10:07:56+01:00 - Exception: Route not found for GET /almacenes
2026-02-19T10:07:56+01:00 - Exception: Route not found for GET /almacenes
2026-02-19T10:07:56+01:00 - Exception: Route not found for GET /almacenes
2026-02-19T10:10:41+01:00 - Exception: Route not found for GET /almacenes
2026-02-19T10:10:41+01:00 - Exception: Route not found for GET /almacenes
2026-02-19T10:10:42+01:00 - Exception: Route not found for GET /almacenes
2026-02-19T10:10:42+01:00 - Exception: Route not found for GET /almacenes
2026-02-19T10:10:44+01:00 - Exception: Route not found for GET /almacenes
2026-02-19T10:10:44+01:00 - Exception: Route not found for GET /almacenes
2026-02-19T10:10:44+01:00 - Exception: Route not found for GET /almacenes
2026-02-19T10:15:18+01:00 - Exception: Route not found for GET /almacenes
2026-02-19T10:15:18+01:00 - Exception: Route not found for GET /almacenes
2026-02-19T10:15:18+01:00 - Exception: Route not found for GET /almacenes
2026-02-19T10:15:28+01:00 - Exception: Controllers\PersonaController::deleteMaterial(): Argument #3 ($id_bombero) must be of type int, string given
2026-02-19T10:20:36+01:00 - Exception: Route not found for GET /almacenes
2026-02-19T10:20:36+01:00 - Exception: Route not found for GET /almacenes
2026-02-19T10:20:36+01:00 - Exception: Route not found for GET /almacenes
2026-02-19T10:20:52+01:00 - Exception: Controllers\PersonaController::deleteMaterial(): Argument #3 ($id_bombero) must be of type int, string given
2026-02-19T10:20:52+01:00 - Exception: Controllers\PersonaController::deleteMaterial(): Argument #3 ($id_bombero) must be of type int, string given
2026-02-19T10:20:52+01:00 - Exception: Controllers\PersonaController::deleteMaterial(): Argument #3 ($id_bombero) must be of type int, string given
2026-02-19T10:20:52+01:00 - Exception: Controllers\PersonaController::deleteMaterial(): Argument #3 ($id_bombero) must be of type int, string given
2026-02-19T10:20:52+01:00 - Exception: Controllers\PersonaController::deleteMaterial(): Argument #3 ($id_bombero) must be of type int, string given
2026-02-19T10:20:52+01:00 - Exception: Controllers\PersonaController::deleteMaterial(): Argument #3 ($id_bombero) must be of type int, string given
2026-02-19T10:20:52+01:00 - Exception: Route not found for GET /almacenes
2026-02-19T10:20:52+01:00 - Exception: Route not found for GET /almacenes
2026-02-19T10:20:53+01:00 - Exception: Route not found for GET /almacenes
2026-02-19T10:21:01+01:00 - Exception: Route not found for GET /almacenes
2026-02-19T10:21:01+01:00 - Exception: Route not found for GET /almacenes
2026-02-19T10:21:01+01:00 - Exception: Route not found for GET /almacenes
2026-02-19T10:21:15+01:00 - Exception: Route not found for GET /almacenes
2026-02-19T10:21:15+01:00 - Exception: Route not found for GET /almacenes
2026-02-19T10:21:16+01:00 - Exception: Route not found for GET /almacenes
2026-02-19T10:22:45+01:00 - Exception: Controllers\PersonaController::deleteMaterial(): Argument #3 ($id_bombero) must be of type int, string given
2026-02-19T10:22:45+01:00 - Exception: Controllers\PersonaController::deleteMaterial(): Argument #3 ($id_bombero) must be of type int, string given
2026-02-19T10:23:56+01:00 - Exception: Controllers\PersonaController::setMaterial(): Argument #3 ($id_bombero) must be of type int, string given
2026-02-19T10:26:24+01:00 - Exception: Controllers\PersonaController::setMaterial(): Argument #3 ($id_bombero) must be of type int, string given
2026-02-19T10:38:21+01:00 - Exception: Controllers\PersonaController::deleteMaterial(): Argument #3 ($id_bombero) must be of type int, string given
2026-02-19T10:38:21+01:00 - Exception: Controllers\PersonaController::deleteMaterial(): Argument #3 ($id_bombero) must be of type int, string given
2026-02-19T10:51:14+01:00 - Exception: Controllers\PersonaController::deleteMaterial(): Argument #3 ($id_bombero) must be of type int, string given
2026-02-19T10:51:17+01:00 - Exception: Controllers\PersonaController::deleteMaterial(): Argument #3 ($id_bombero) must be of type int, string given
2026-02-19T10:55:37+01:00 - Exception: Controllers\PersonaController::deleteMaterial(): Argument #3 ($id_bombero) must be of type int, string given
2026-02-19T10:58:36+01:00 - Exception: Controllers\PersonaController::deleteMaterial(): Argument #3 ($id_bombero) must be of type int, string given
2026-02-19T11:02:47+01:00 - Exception: No autorizado
2026-02-19T11:05:31+01:00 - Exception: Route not found for GET /almacenes
2026-02-19T11:05:31+01:00 - Exception: Route not found for GET /almacenes
2026-02-19T11:05:31+01:00 - Exception: Route not found for GET /almacenes
2026-02-19T11:05:31+01:00 - Exception: Route not found for GET /almacenes
2026-02-19T11:05:31+01:00 - Exception: Route not found for GET /almacenes
2026-02-19T11:05:31+01:00 - Exception: Route not found for GET /almacenes
2026-02-19T11:08:19+01:00 - Exception: Route not found for GET /almacenes
2026-02-19T11:08:19+01:00 - Exception: Route not found for GET /almacenes
2026-02-19T11:08:19+01:00 - Exception: Route not found for GET /almacenes
2026-02-19T11:08:19+01:00 - Exception: Route not found for GET /almacenes
2026-02-19T11:08:19+01:00 - Exception: Route not found for GET /almacenes
2026-02-19T11:08:19+01:00 - Exception: Route not found for GET /almacenes
2026-02-19T11:11:26+01:00 - Exception: Route not found for GET /almacenes
2026-02-19T11:11:26+01:00 - Exception: Route not found for GET /almacenes
2026-02-19T11:11:26+01:00 - Exception: Route not found for GET /almacenes
2026-02-19T11:11:26+01:00 - Exception: Route not found for GET /almacenes
2026-02-19T11:11:26+01:00 - Exception: Route not found for GET /almacenes
2026-02-19T11:11:26+01:00 - Exception: Route not found for GET /almacenes
2026-02-19T11:17:09+01:00 - Exception: Route not found for GET /almacenes
2026-02-19T11:17:09+01:00 - Exception: Route not found for GET /almacenes
2026-02-19T11:17:09+01:00 - Exception: Route not found for GET /almacenes
2026-02-19T11:17:09+01:00 - Exception: Route not found for GET /almacenes
2026-02-19T11:17:09+01:00 - Exception: Route not found for GET /almacenes
2026-02-19T11:17:09+01:00 - Exception: Route not found for GET /almacenes
2026-02-19T11:23:53+01:00 - Exception: Route not found for GET /almacenes
2026-02-19T11:23:53+01:00 - Exception: Route not found for GET /almacenes
2026-02-19T11:23:53+01:00 - Exception: Route not found for GET /almacenes
2026-02-19T11:23:53+01:00 - Exception: Route not found for GET /almacenes
2026-02-19T11:23:53+01:00 - Exception: Route not found for GET /almacenes
2026-02-19T11:23:53+01:00 - Exception: Route not found for GET /almacenes
2026-02-19T11:24:23+01:00 - Exception: Route not found for GET /almacenes
2026-02-19T11:24:23+01:00 - Exception: Route not found for GET /almacenes
2026-02-19T11:24:23+01:00 - Exception: Route not found for GET /almacenes
2026-02-19T11:24:23+01:00 - Exception: Route not found for GET /almacenes
2026-02-19T11:24:23+01:00 - Exception: Route not found for GET /almacenes
2026-02-19T11:24:23+01:00 - Exception: Route not found for GET /almacenes
2026-02-19T11:28:10+01:00 - Exception: Route not found for GET /almacenes
2026-02-19T11:28:10+01:00 - Exception: Route not found for GET /almacenes
2026-02-19T11:28:11+01:00 - Exception: Route not found for GET /almacenes
2026-02-19T11:28:11+01:00 - Exception: Route not found for GET /almacenes
2026-02-19T11:28:11+01:00 - Exception: Route not found for GET /almacenes
2026-02-19T11:28:11+01:00 - Exception: Route not found for GET /almacenes
2026-02-19T11:36:53+01:00 - Exception: Controllers\PersonaController::getMaterial(): Argument #3 ($id_bombero) must be of type int, string given
2026-02-19T11:37:51+01:00 - Exception: Controllers\PersonaController::getMaterial(): Argument #3 ($id_bombero) must be of type int, string given
2026-02-19T11:38:22+01:00 - Exception: Controllers\PersonaController::getMaterial(): Argument #3 ($id_bombero) must be of type int, string given
2026-02-19T11:38:33+01:00 - Exception: Controllers\PersonaController::getMaterial(): Argument #3 ($id_bombero) must be of type int, string given
2026-02-19T11:39:25+01:00 - Exception: Controllers\PersonaController::getMaterial(): Argument #3 ($id_bombero) must be of type int, string given
2026-02-19T11:39:32+01:00 - Exception: Controllers\PersonaController::getMaterial(): Argument #3 ($id_bombero) must be of type int, string given
2026-02-19T11:39:37+01:00 - Exception: Controllers\PersonaController::getMaterial(): Argument #3 ($id_bombero) must be of type int, string given
2026-02-19T11:39:41+01:00 - Exception: Controllers\PersonaController::getMaterial(): Argument #3 ($id_bombero) must be of type int, string given
2026-02-19T11:39:48+01:00 - Exception: Controllers\PersonaController::getMaterial(): Argument #3 ($id_bombero) must be of type int, string given
2026-02-19T11:39:52+01:00 - Exception: Controllers\PersonaController::getMaterial(): Argument #3 ($id_bombero) must be of type int, string given
2026-02-17T09:58:30+01:00 - Exception: Class "Models\SalidaModel" not found
2026-02-17T09:58:32+01:00 - Exception: Class "Models\SalidaModel" not found
2026-02-17T09:58:35+01:00 - Exception: Class "Models\SalidaModel" not found
2026-02-17T09:58:36+01:00 - Exception: Class "Models\SalidaModel" not found
2026-02-17T09:58:38+01:00 - Exception: Class "Models\SalidaModel" not found
2026-02-17T10:05:40+01:00 - Exception: No autorizado
2026-02-18T09:10:46+01:00 - Exception: No autorizado
2026-02-18T09:11:27+01:00 - Exception: No autorizado
2026-02-18T14:00:25+01:00 - Exception: file_put_contents(/var/www/html/api_rest/src/Middlewares/../../storage/rate_limit/f9bab41c2a5dd677708ae9d5d49eaf07.json): Failed to open stream: Permission denied2026-02-20T11:18:09+01:00 - Exception: Route not found for GET /guadias
2026-02-20T11:18:09+01:00 - Exception: Route not found for GET /guadias
2026-02-20T11:19:37+01:00 - Exception: Route not found for GET /guadias
2026-02-20T11:19:37+01:00 - Exception: Route not found for GET /guadias
2026-02-20T11:19:49+01:00 - Exception: Route not found for GET /guadias
2026-02-20T11:19:49+01:00 - Exception: Route not found for GET /guadias
2026-02-20T11:20:41+01:00 - Exception: Route not found for GET /guadias
2026-02-20T11:20:41+01:00 - Exception: Route not found for GET /guadias
2026-02-20T11:22:32+01:00 - Exception: Route not found for GET /guadias
2026-02-20T11:22:32+01:00 - Exception: Route not found for GET /guadias
2026-02-20T11:22:59+01:00 - Exception: Route not found for GET /guadias
2026-02-20T11:22:59+01:00 - Exception: Route not found for GET /guadias
2026-02-20T11:24:13+01:00 - Exception: Route not found for GET /guadias
2026-02-20T11:24:13+01:00 - Exception: Route not found for GET /guadias
2026-02-23T09:25:43+01:00 - Exception: Route not found for POST /carnets/[object%20Object]/assign/undefined
2026-02-23T09:25:48+01:00 - Exception: Route not found for POST /carnets/[object%20Object]/assign/undefined
2026-02-23T09:26:08+01:00 - Exception: Route not found for POST /carnets/[object%20Object]/assign/undefined
2026-02-23T09:27:30+01:00 - Exception: Route not found for POST /carnets/[object%20Object]/assign/undefined
2026-02-23T09:27:50+01:00 - Exception: Route not found for POST /carnets/[object%20Object]/assign/undefined
2026-02-23T09:29:10+01:00 - Exception: Route not found for POST /carnets/[object%20Object]/assign/undefined
2026-02-23T11:37:31+01:00 - Exception: Route not found for POST /guardias/null/personas
2026-02-23T11:37:44+01:00 - Exception: Route not found for POST /guardias/null/personas
2026-02-23T11:47:26+01:00 - Exception: No tienes permisos para acceder a este recurso
2026-02-23T11:47:58+01:00 - Exception: No tienes permisos para acceder a este recurso
2026-02-23T11:48:34+01:00 - Exception: No tienes permisos para acceder a este recurso
2026-02-23T11:48:38+01:00 - Exception: No tienes permisos para acceder a este recurso
2026-02-23T11:48:38+01:00 - Exception: No tienes permisos para acceder a este recurso
2026-02-23T11:48:38+01:00 - Exception: No tienes permisos para acceder a este recurso
2026-02-23T11:48:38+01:00 - Exception: No tienes permisos para acceder a este recurso
2026-02-23T11:48:38+01:00 - Exception: No tienes permisos para acceder a este recurso
2026-02-23T11:48:39+01:00 - Exception: No tienes permisos para acceder a este recurso
2026-02-23T11:48:39+01:00 - Exception: No tienes permisos para acceder a este recurso
2026-02-23T11:49:19+01:00 - Exception: No tienes permisos para acceder a este recurso
2026-02-23T11:49:25+01:00 - Exception: No tienes permisos para acceder a este recurso
2026-02-23T11:49:27+01:00 - Exception: No tienes permisos para acceder a este recurso
2026-02-23T11:49:29+01:00 - Exception: No tienes permisos para acceder a este recurso
2026-02-23T11:49:30+01:00 - Exception: No tienes permisos para acceder a este recurso
2026-02-23T11:49:35+01:00 - Exception: No tienes permisos para acceder a este recurso
2026-02-23T11:49:37+01:00 - Exception: No tienes permisos para acceder a este recurso
2026-02-23T11:51:02+01:00 - Exception: No tienes permisos para acceder a este recurso
2026-02-23T11:51:10+01:00 - Exception: No tienes permisos para acceder a este recurso
2026-02-23T11:51:10+01:00 - Exception: No tienes permisos para acceder a este recurso
2026-02-23T11:51:10+01:00 - Exception: No tienes permisos para acceder a este recurso
2026-02-23T11:51:10+01:00 - Exception: No tienes permisos para acceder a este recurso
2026-02-24T09:43:50+01:00 - Exception: Route not found for GET /guardias/21
2026-02-24T09:58:23+01:00 - Exception: Route not found for GET /guardias/22
2026-02-24T10:02:52+01:00 - Exception: Route not found for GET /guardias/22
2026-02-24T10:05:54+01:00 - Exception: Route not found for GET /guardias/18
2026-02-24T10:07:40+01:00 - Exception: Route not found for GET /guardias/20
2026-02-24T10:09:18+01:00 - Exception: Route not found for GET /guardias/16
2026-02-24T13:48:01+01:00 - Exception: No tienes permisos para acceder a este recurso
2026-02-24T13:49:22+01:00 - Exception: Method setGuardias not found in controller Controllers\PersonaController
2026-02-24T13:50:25+01:00 - Exception: Method setGuardias not found in controller Controllers\PersonaController
2026-02-24T13:53:16+01:00 - Exception: Route not found for POST /personas/FUNC-2002/guardias
2026-02-18T14:00:25+01:00 - Exception: file_put_contents(/var/www/html/api_rest/src/Middlewares/../../storage/rate_limit/f9bab41c2a5dd677708ae9d5d49eaf07.json): Failed to open stream: Permission denied
2026-02-23T09:20:06+01:00 - Exception: file_put_contents(/var/www/html/api_rest/src/Middlewares/../../storage/rate_limit/f9bab41c2a5dd677708ae9d5d49eaf07.json): Failed to open stream: Permission denied
2026-02-23T09:20:06+01:00 - Exception: file_put_contents(/var/www/html/api_rest/src/Middlewares/../../storage/rate_limit/f9bab41c2a5dd677708ae9d5d49eaf07.json): Failed to open stream: Permission denied
2026-02-23T09:20:06+01:00 - Exception: file_put_contents(/var/www/html/api_rest/src/Middlewares/../../storage/rate_limit/f9bab41c2a5dd677708ae9d5d49eaf07.json): Failed to open stream: Permission denied
2026-02-23T09:20:06+01:00 - Exception: file_put_contents(/var/www/html/api_rest/src/Middlewares/../../storage/rate_limit/f9bab41c2a5dd677708ae9d5d49eaf07.json): Failed to open stream: Permission denied
2026-02-23T09:20:07+01:00 - Exception: file_put_contents(/var/www/html/api_rest/src/Middlewares/../../storage/rate_limit/f9bab41c2a5dd677708ae9d5d49eaf07.json): Failed to open stream: Permission denied
2026-02-23T09:20:07+01:00 - Exception: file_put_contents(/var/www/html/api_rest/src/Middlewares/../../storage/rate_limit/f9bab41c2a5dd677708ae9d5d49eaf07.json): Failed to open stream: Permission denied
2026-02-23T09:20:07+01:00 - Exception: file_put_contents(/var/www/html/api_rest/src/Middlewares/../../storage/rate_limit/f9bab41c2a5dd677708ae9d5d49eaf07.json): Failed to open stream: Permission denied
2026-02-23T09:20:07+01:00 - Exception: file_put_contents(/var/www/html/api_rest/src/Middlewares/../../storage/rate_limit/f9bab41c2a5dd677708ae9d5d49eaf07.json): Failed to open stream: Permission denied
2026-02-23T09:35:24+01:00 - Exception: Route not found for PUT /emergencia/1/vehiculos
2026-02-23T09:35:37+01:00 - Exception: Route not found for GET /emergencia/1/vehiculos
2026-02-23T09:35:49+01:00 - Exception: No autorizado
2026-02-23T09:49:05+01:00 - Exception: No autorizado
2026-02-23T09:49:14+01:00 - Exception: Route not found for GET /login
2026-02-23T09:52:23+01:00 - Exception: Route not found for GET /auth/login
2026-02-24T12:39:27+01:00 - Exception: file_put_contents(/var/www/html/api_rest/src/Middlewares/../../storage/rate_limit/f9bab41c2a5dd677708ae9d5d49eaf07.json): Failed to open stream: Permission denied
2026-02-24T12:39:27+01:00 - Exception: file_put_contents(/var/www/html/api_rest/src/Middlewares/../../storage/rate_limit/f9bab41c2a5dd677708ae9d5d49eaf07.json): Failed to open stream: Permission denied
2026-02-24T12:39:27+01:00 - Exception: file_put_contents(/var/www/html/api_rest/src/Middlewares/../../storage/rate_limit/f9bab41c2a5dd677708ae9d5d49eaf07.json): Failed to open stream: Permission denied
2026-02-24T12:39:27+01:00 - Exception: file_put_contents(/var/www/html/api_rest/src/Middlewares/../../storage/rate_limit/f9bab41c2a5dd677708ae9d5d49eaf07.json): Failed to open stream: Permission denied
2026-02-24T12:39:27+01:00 - Exception: file_put_contents(/var/www/html/api_rest/src/Middlewares/../../storage/rate_limit/f9bab41c2a5dd677708ae9d5d49eaf07.json): Failed to open stream: Permission denied
2026-02-24T13:31:38+01:00 - Exception: No autorizado
2026-02-24T13:31:56+01:00 - Exception: No autorizado
2026-02-24T13:33:43+01:00 - Exception: Route not found for GET /auth/login
2026-02-24T14:26:11+01:00 - Exception: Route not found for GET /materiale/personas
2026-02-24T14:26:19+01:00 - Exception: No autorizado
2026-02-24T14:26:40+01:00 - Exception: Route not found for GET /personas/1/1
2026-02-24T14:26:51+01:00 - Exception: Route not found for DELETE /personas/1/1
2026-02-20T09:47:36+01:00 - Exception: file_put_contents(/var/www/html/api_rest/src/Middlewares/../../storage/rate_limit/a21027f6d9e50f335ed217678fed207c.json): Failed to open stream: Permission denied
2026-02-24T09:08:54+01:00 - Exception: file_put_contents(/var/www/html/api_rest/src/Middlewares/../../storage/rate_limit/a21027f6d9e50f335ed217678fed207c.json): Failed to open stream: Permission denied
2026-02-24T09:09:00+01:00 - Exception: file_put_contents(/var/www/html/api_rest/src/Middlewares/../../storage/rate_limit/a21027f6d9e50f335ed217678fed207c.json): Failed to open stream: Permission denied
2026-02-24T10:17:52+01:00 - Exception: Route not found for GET /almacenes
2026-02-24T10:17:53+01:00 - Exception: Route not found for GET /almacenes
2026-02-24T10:17:53+01:00 - Exception: Route not found for GET /almacenes
2026-02-24T10:17:53+01:00 - Exception: Route not found for GET /almacenes
2026-02-24T10:17:53+01:00 - Exception: Route not found for GET /almacenes
2026-02-27T10:04:10+01:00 - Exception: file_put_contents(/var/www/html/api_rest/src/Middlewares/../../storage/rate_limit/b63042380c4ab70d9adc33a40f3deca9.json): Failed to open stream: Permission denied
2026-02-27T11:17:06+01:00 - Exception: Route not found for POST /meritos/asignar
2026-02-27T11:21:23+01:00 - Exception: Route not found for POST /meritos/asignar
2026-02-27T11:26:15+01:00 - Exception: Route not found for POST /meritos/asignar
2026-03-02T08:59:24+01:00 - Exception: Error de conexión a la base de datos.
2026-03-02T09:01:19+01:00 - Exception: Error de conexión a la base de datos.
2026-03-02T09:01:22+01:00 - Exception: Error de conexión a la base de datos.
2026-03-02T09:01:22+01:00 - Exception: Error de conexión a la base de datos.
2026-03-02T09:01:23+01:00 - Exception: Error de conexión a la base de datos.
2026-03-02T09:01:26+01:00 - Exception: Error de conexión a la base de datos.
2026-03-02T09:01:26+01:00 - Exception: Error de conexión a la base de datos.
2026-03-02T09:01:28+01:00 - Exception: Error de conexión a la base de datos.
2026-03-02T09:01:28+01:00 - Exception: Error de conexión a la base de datos.
2026-03-02T09:01:40+01:00 - Exception: Error de conexión a la base de datos.
2026-03-02T09:01:40+01:00 - Exception: Error de conexión a la base de datos.
2026-03-02T09:01:40+01:00 - Exception: Error de conexión a la base de datos.
2026-03-02T09:01:40+01:00 - Exception: Error de conexión a la base de datos.
2026-03-02T09:01:41+01:00 - Exception: Error de conexión a la base de datos.
2026-03-02T09:01:41+01:00 - Exception: Error de conexión a la base de datos.
2026-03-02T09:01:41+01:00 - Exception: Error de conexión a la base de datos.
2026-03-02T09:01:41+01:00 - Exception: Error de conexión a la base de datos.
2026-03-02T09:01:41+01:00 - Exception: Error de conexión a la base de datos.
2026-03-02T09:01:41+01:00 - Exception: Error de conexión a la base de datos.
2026-03-02T09:01:45+01:00 - Exception: Error de conexión a la base de datos.
2026-03-02T09:42:40+01:00 - Exception: file_put_contents(/var/www/html/api_rest/src/Middlewares/../../storage/rate_limit/b63042380c4ab70d9adc33a40f3deca9.json): Failed to open stream: Permission denied
2026-03-02T09:49:12+01:00 - Exception: file_put_contents(/var/www/html/api_rest/src/Middlewares/../../storage/rate_limit/b63042380c4ab70d9adc33a40f3deca9.json): Failed to open stream: Permission denied
2026-03-02T09:56:30+01:00 - Exception: file_put_contents(/var/www/html/api_rest/src/Middlewares/../../storage/rate_limit/b63042380c4ab70d9adc33a40f3deca9.json): Failed to open stream: Permission denied
2026-03-02T09:56:56+01:00 - Exception: file_put_contents(/var/www/html/api_rest/src/Middlewares/../../storage/rate_limit/b63042380c4ab70d9adc33a40f3deca9.json): Failed to open stream: Permission denied
2026-03-02T11:33:15+01:00 - Exception: Route not found for PUT /motivos/2
2026-03-02T11:35:36+01:00 - Exception: syntax error, unexpected token "catch", expecting "function" or "const"
2026-03-03T09:18:46+01:00 - Exception: Route not found for PATCH /permisos/3
2026-03-03T09:21:18+01:00 - Exception: Route not found for PATCH /permisos/2
